Using pre-set license
Built from '2020.3/staging' branch; Version is '2020.3.18f1 (a7d1c678663c) revision 10998214'; Using compiler version '192528614'; Build Type 'Release'
OS: 'Windows 7  (6.1.0) 64bit' Language: 'pt' Physical Memory: 7896 MB
BatchMode: 1, IsHumanControllingUs: 0, StartBugReporterOnCrash: 0, Is64bit: 1, IsPro: 0

COMMAND LINE ARGUMENTS:
E:\Meus projetos Unity\2020.3.18f1\Editor\Unity.exe
-adb2
-batchMode
-noUpm
-name
AssetImportWorker2
-projectPath
E:/Meus projetos Unity/Meus Projetos/Pong_Clone/Clone-Pong
-logFile
Logs/AssetImportWorker2.log
-srvPort
60223
Successfully changed project path to: E:/Meus projetos Unity/Meus Projetos/Pong_Clone/Clone-Pong
E:/Meus projetos Unity/Meus Projetos/Pong_Clone/Clone-Pong
Using Asset Import Pipeline V2.
Refreshing native plugins compatible for Editor in 242.45 ms, found 3 plugins.
Preloading 0 native plugins for Editor in 0.00 ms.
Initialize engine version: 2020.3.18f1 (a7d1c678663c)
[Subsystems] Discovering subsystems at path E:/Meus projetos Unity/2020.3.18f1/Editor/Data/Resources/UnitySubsystems
[Subsystems] Discovering subsystems at path E:/Meus projetos Unity/Meus Projetos/Pong_Clone/Clone-Pong/Assets
GfxDevice: creating device client; threaded=0
d3d11: CreateDXGIFactory2(...) not found, fallbacking to CreateDXGIFactory1(...).
d3d11: D3D_FEATURE_LEVEL_11_1 not-recognized (only 11.0 runtime installed?)
d3d11: QueryInterface(IDXGIFactory5) failed (80004002).
Direct3D:
    Version:  Direct3D 11.0 [level 11.0]
    Renderer: Intel(R) HD Graphics (ID=0x152)
    Vendor:   
    VRAM:     1504 MB
    Driver:   10.18.10.5161
Initialize mono
Mono path[0] = 'E:/Meus projetos Unity/2020.3.18f1/Editor/Data/Managed'
Mono path[1] = 'E:/Meus projetos Unity/2020.3.18f1/Editor/Data/MonoBleedingEdge/lib/mono/unityjit'
Mono config path = 'E:/Meus projetos Unity/2020.3.18f1/Editor/Data/MonoBleedingEdge/etc'
Using monoOptions --debugger-agent=transport=dt_socket,embedding=1,server=y,suspend=n,address=127.0.0.1:56640
Begin MonoManager ReloadAssembly
Registering precompiled unity dll's ...
Register platform support module: E:/Meus projetos Unity/2020.3.18f1/Editor/Data/PlaybackEngines/WebGLSupport/UnityEditor.WebGL.Extensions.dll
Register platform support module: E:/Meus projetos Unity/2020.3.18f1/Editor/Data/PlaybackEngines/WindowsStandaloneSupport/UnityEditor.WindowsStandalone.Extensions.dll
Registered in 0.001056 seconds.
Native extension for WindowsStandalone target not found
Native extension for WebGL target not found
Refreshing native plugins compatible for Editor in 72.02 ms, found 3 plugins.
Preloading 0 native plugins for Editor in 0.00 ms.
Mono: successfully reloaded assembly
- Completed reload, in  3.589 seconds
Domain Reload Profiling:
	ReloadAssembly (3589ms)
		BeginReloadAssembly (67ms)
			ExecutionOrderSort (0ms)
			DisableScriptedObjects (0ms)
			BackupInstance (0ms)
			ReleaseScriptingObjects (0ms)
			CreateAndSetChildDomain (2ms)
		EndReloadAssembly (726ms)
			LoadAssemblies (136ms)
			RebuildTransferFunctionScriptingTraits (0ms)
			SetupTypeCache (221ms)
			ReleaseScriptCaches (0ms)
			RebuildScriptCaches (48ms)
			SetupLoadedEditorAssemblies (293ms)
				LogAssemblyErrors (0ms)
				InitializePlatformSupportModulesInManaged (7ms)
				SetLoadedEditorAssemblies (0ms)
				RefreshPlugins (72ms)
				BeforeProcessingInitializeOnLoad (17ms)
				ProcessInitializeOnLoadAttributes (127ms)
				ProcessInitializeOnLoadMethodAttributes (69ms)
				AfterProcessingInitializeOnLoad (0ms)
				EditorAssembliesLoaded (0ms)
			ExecutionOrderSort2 (0ms)
			AwakeInstancesAfterBackupRestoration (0ms)
Platform modules already initialized, skipping
Registering precompiled user dll's ...
Registered in 0.003007 seconds.
Begin MonoManager ReloadAssembly
Native extension for WindowsStandalone target not found
Native extension for WebGL target not found
Refreshing native plugins compatible for Editor in 75.45 ms, found 3 plugins.
Preloading 0 native plugins for Editor in 0.00 ms.
Mono: successfully reloaded assembly
- Completed reload, in  2.419 seconds
Domain Reload Profiling:
	ReloadAssembly (2421ms)
		BeginReloadAssembly (205ms)
			ExecutionOrderSort (0ms)
			DisableScriptedObjects (10ms)
			BackupInstance (0ms)
			ReleaseScriptingObjects (0ms)
			CreateAndSetChildDomain (20ms)
		EndReloadAssembly (2121ms)
			LoadAssemblies (830ms)
			RebuildTransferFunctionScriptingTraits (0ms)
			SetupTypeCache (447ms)
			ReleaseScriptCaches (1ms)
			RebuildScriptCaches (76ms)
			SetupLoadedEditorAssemblies (576ms)
				LogAssemblyErrors (0ms)
				InitializePlatformSupportModulesInManaged (7ms)
				SetLoadedEditorAssemblies (0ms)
				RefreshPlugins (76ms)
				BeforeProcessingInitializeOnLoad (106ms)
				ProcessInitializeOnLoadAttributes (367ms)
				ProcessInitializeOnLoadMethodAttributes (18ms)
				AfterProcessingInitializeOnLoad (2ms)
				EditorAssembliesLoaded (0ms)
			ExecutionOrderSort2 (0ms)
			AwakeInstancesAfterBackupRestoration (9ms)
Platform modules already initialized, skipping
========================================================================
Worker process is ready to serve import requests
Launched and connected shader compiler UnityShaderCompiler.exe after 0.02 seconds
Refreshing native plugins compatible for Editor in 0.89 ms, found 3 plugins.
Preloading 0 native plugins for Editor in 0.00 ms.
Unloading 2090 Unused Serialized files (Serialized files now loaded: 0)
System memory in use before: 93.1 MB.
System memory in use after: 93.2 MB.

Unloading 26 unused Assets to reduce memory usage. Loaded Objects now: 2529.
Total: 4.394708 ms (FindLiveObjects: 0.377240 ms CreateObjectMapping: 0.227961 ms MarkObjects: 3.708025 ms  DeleteObjects: 0.079304 ms)

AssetImportParameters requested are different than current active one (requested -> active):
  custom:framework-win-MediaFoundation: 216162199b28c13a410421893ffa2e32 -> 
  custom:video-decoder-ogg-theora: a1e56fd34408186e4bbccfd4996cb3dc -> 
  custom:container-muxer-webm: aa71ff27fc2769a1b78a27578f13a17b -> 
  custom:container-demuxer-webm: 4f35f7cbe854078d1ac9338744f61a02 -> 
  custom:container-demuxer-ogg: 62fdf1f143b41e24485cea50d1cbac27 -> 
  custom:video-encoder-webm-vp8: eb34c28f22e8b96e1ab97ce403110664 -> 
  custom:video-decoder-webm-vp8: 9c59270c3fd7afecdb556c50c9e8de78 -> 
  custom:audio-decoder-ogg-vorbis: bf7c407c2cedff20999df2af8eb42d56 -> 
  custom:audio-encoder-webm-vorbis: bf7c407c2cedff20999df2af8eb42d56 -> 
========================================================================
Received Import Request.
  path: Assets/_Game/Prefabs
  artifactKey: Guid(20f9ffb7b50577945809b42257a07775) Importer(815301076,1909f56bfc062723c751e8b465ee728b)
Start importing Assets/_Game/Prefabs using Guid(20f9ffb7b50577945809b42257a07775) Importer(815301076,1909f56bfc062723c751e8b465ee728b)  -> (artifact id: '498dd087e9905b8b1d9d35229cef7bb7') in 0.023260 seconds 
  Import took 0.027918 seconds .

========================================================================
Received Import Request.
  Time since last request: 0.000162 seconds.
  path: Assets/_Game
  artifactKey: Guid(3636c4288be40db4b9b4ee6bda9757cb) Importer(815301076,1909f56bfc062723c751e8b465ee728b)
Start importing Assets/_Game using Guid(3636c4288be40db4b9b4ee6bda9757cb) Importer(815301076,1909f56bfc062723c751e8b465ee728b)  -> (artifact id: '797484b018a3df45731161cbe8119c9d') in 0.003205 seconds 
  Import took 0.007572 seconds .

========================================================================
Received Import Request.
  Time since last request: 19.435225 seconds.
  path: Assets/_Game/Songs
  artifactKey: Guid(b5edb115450081b4d8a556b181222bab) Importer(815301076,1909f56bfc062723c751e8b465ee728b)
Start importing Assets/_Game/Songs using Guid(b5edb115450081b4d8a556b181222bab) Importer(815301076,1909f56bfc062723c751e8b465ee728b)  -> (artifact id: 'd07904e2be8c67f62185354814aa5ad2') in 0.002476 seconds 
  Import took 0.008961 seconds .

========================================================================
Received Import Request.
  Time since last request: 0.000328 seconds.
  path: Assets/_Game/Songs
  artifactKey: Guid(b5edb115450081b4d8a556b181222bab) Importer(815301076,1909f56bfc062723c751e8b465ee728b)
Start importing Assets/_Game/Songs using Guid(b5edb115450081b4d8a556b181222bab) Importer(815301076,1909f56bfc062723c751e8b465ee728b)  -> (artifact id: 'd07904e2be8c67f62185354814aa5ad2') in 0.002339 seconds 
  Import took 0.006663 seconds .

========================================================================
Received Import Request.
  Time since last request: 4.506588 seconds.
  path: Assets/_Game/Sounds
  artifactKey: Guid(b5edb115450081b4d8a556b181222bab) Importer(815301076,1909f56bfc062723c751e8b465ee728b)
Start importing Assets/_Game/Sounds using Guid(b5edb115450081b4d8a556b181222bab) Importer(815301076,1909f56bfc062723c751e8b465ee728b)  -> (artifact id: '8fcccac733691054d170257a3ffe638e') in 0.005462 seconds 
  Import took 0.009466 seconds .

========================================================================
Received Import Request.
  Time since last request: 264.890525 seconds.
  path: ProjectSettings/TagManager.asset
  artifactKey: Guid(00000000000000003000000000000000) Importer(815301076,1909f56bfc062723c751e8b465ee728b)
Start importing ProjectSettings/TagManager.asset using Guid(00000000000000003000000000000000) Importer(815301076,1909f56bfc062723c751e8b465ee728b)  -> (artifact id: '95df672b4aaba54310d34c83eef51bb8') in 0.066421 seconds 
  Import took 0.071311 seconds .

========================================================================
Received Import Request.
  Time since last request: 325.023849 seconds.
  path: Assets/_Game/Sprites
  artifactKey: Guid(b63d978e92a6b8943b73c9b756d3b6eb) Importer(815301076,1909f56bfc062723c751e8b465ee728b)
Start importing Assets/_Game/Sprites using Guid(b63d978e92a6b8943b73c9b756d3b6eb) Importer(815301076,1909f56bfc062723c751e8b465ee728b)  -> (artifact id: '5c00ae70d32ddbbbdbfe9a203e7d0910') in 0.002535 seconds 
  Import took 0.010904 seconds .

========================================================================
Received Import Request.
  Time since last request: 6.159783 seconds.
  path: Assets/_Game/Sprites/dotted line.png
  artifactKey: Guid(a1174c178a41bf94fa49c07aa1c04d04) Importer(815301076,1909f56bfc062723c751e8b465ee728b)
Start importing Assets/_Game/Sprites/dotted line.png using Guid(a1174c178a41bf94fa49c07aa1c04d04) Importer(815301076,1909f56bfc062723c751e8b465ee728b)  -> (artifact id: 'e1e1cb1d8c6db9ce48dbf00d1ce371b0') in 0.445610 seconds 
  Import took 0.470602 seconds .

========================================================================
Received Import Request.
  Time since last request: 4.754994 seconds.
  path: Assets/_Game/PressStart2P-Regular.ttf
  artifactKey: Guid(d10d13463e3b505469d38dd84674d4fa) Importer(815301076,1909f56bfc062723c751e8b465ee728b)
Start importing Assets/_Game/PressStart2P-Regular.ttf using Guid(d10d13463e3b505469d38dd84674d4fa) Importer(815301076,1909f56bfc062723c751e8b465ee728b)  -> (artifact id: 'f30c19d5a4fe23bf786a70e987b97a19') in 0.158466 seconds 
  Import took 0.189499 seconds .

========================================================================
Received Import Request.
  Time since last request: 27.862277 seconds.
  path: Assets/_Game/Sprites/dotted line.png
  artifactKey: Guid(a1174c178a41bf94fa49c07aa1c04d04) Importer(815301076,1909f56bfc062723c751e8b465ee728b)
Start importing Assets/_Game/Sprites/dotted line.png using Guid(a1174c178a41bf94fa49c07aa1c04d04) Importer(815301076,1909f56bfc062723c751e8b465ee728b)  -> (artifact id: 'be745d40795d990b1cc455816195ab83') in 0.016783 seconds 
  Import took 0.021504 seconds .

========================================================================
Received Import Request.
  Time since last request: 231.750831 seconds.
  path: Assets/_Game/Sprites/dotted line.png
  artifactKey: Guid(a1174c178a41bf94fa49c07aa1c04d04) Importer(815301076,1909f56bfc062723c751e8b465ee728b)
Start importing Assets/_Game/Sprites/dotted line.png using Guid(a1174c178a41bf94fa49c07aa1c04d04) Importer(815301076,1909f56bfc062723c751e8b465ee728b)  -> (artifact id: '70d89ee3e2bc7048ba512831ec455fc7') in 0.018808 seconds 
  Import took 0.034944 seconds .

========================================================================
Received Import Request.
  Time since last request: 7.576016 seconds.
  path: Assets/_Game/Sprites/dotted line.png
  artifactKey: Guid(a1174c178a41bf94fa49c07aa1c04d04) Importer(815301076,1909f56bfc062723c751e8b465ee728b)
Start importing Assets/_Game/Sprites/dotted line.png using Guid(a1174c178a41bf94fa49c07aa1c04d04) Importer(815301076,1909f56bfc062723c751e8b465ee728b)  -> (artifact id: '658eb9c4aad55d18faa301996aec828f') in 0.026119 seconds 
  Import took 0.031549 seconds .

========================================================================
Received Import Request.
  Time since last request: 16.570687 seconds.
  path: Assets/_Game/Sprites/dotted line.png
  artifactKey: Guid(a1174c178a41bf94fa49c07aa1c04d04) Importer(815301076,1909f56bfc062723c751e8b465ee728b)
Start importing Assets/_Game/Sprites/dotted line.png using Guid(a1174c178a41bf94fa49c07aa1c04d04) Importer(815301076,1909f56bfc062723c751e8b465ee728b)  -> (artifact id: '7f7f7e7602a555c4c867e5bd1343594b') in 0.023124 seconds 
  Import took 0.029303 seconds .

========================================================================
Received Import Request.
  Time since last request: 7.997347 seconds.
  path: Assets/_Game/Sprites/dotted line.png
  artifactKey: Guid(a1174c178a41bf94fa49c07aa1c04d04) Importer(815301076,1909f56bfc062723c751e8b465ee728b)
Start importing Assets/_Game/Sprites/dotted line.png using Guid(a1174c178a41bf94fa49c07aa1c04d04) Importer(815301076,1909f56bfc062723c751e8b465ee728b)  -> (artifact id: 'aa66884cc8a78928d23137f055151b8d') in 0.023146 seconds 
  Import took 0.028500 seconds .

========================================================================
Received Import Request.
  Time since last request: 11.997750 seconds.
  path: Assets/_Game/Sprites/dotted line.png
  artifactKey: Guid(a1174c178a41bf94fa49c07aa1c04d04) Importer(815301076,1909f56bfc062723c751e8b465ee728b)
Start importing Assets/_Game/Sprites/dotted line.png using Guid(a1174c178a41bf94fa49c07aa1c04d04) Importer(815301076,1909f56bfc062723c751e8b465ee728b)  -> (artifact id: 'e4dddf681887e45e5c3eb9dbddf3e6b3') in 0.019497 seconds 
  Import took 0.024404 seconds .

========================================================================
Received Import Request.
  Time since last request: 61.574462 seconds.
  path: Assets/_Game/Sprites/dotted line.png
  artifactKey: Guid(a1174c178a41bf94fa49c07aa1c04d04) Importer(815301076,1909f56bfc062723c751e8b465ee728b)
Start importing Assets/_Game/Sprites/dotted line.png using Guid(a1174c178a41bf94fa49c07aa1c04d04) Importer(815301076,1909f56bfc062723c751e8b465ee728b)  -> (artifact id: 'f919830469037d150dca2c1b58aece38') in 0.025087 seconds 
  Import took 0.030926 seconds .

========================================================================
Received Import Request.
  Time since last request: 242.611379 seconds.
  path: Assets/_Game/Sprites/dotted line 1.png
  artifactKey: Guid(14267fd15e1b29943b4bcd5dbaa2b03e) Importer(815301076,1909f56bfc062723c751e8b465ee728b)
Start importing Assets/_Game/Sprites/dotted line 1.png using Guid(14267fd15e1b29943b4bcd5dbaa2b03e) Importer(815301076,1909f56bfc062723c751e8b465ee728b)  -> (artifact id: '3620f318221aff25cfca7397fa38f72d') in 0.027861 seconds 
  Import took 0.070171 seconds .

========================================================================
Received Import Request.
  Time since last request: 10.468639 seconds.
  path: Assets/_Game/Sprites/dotted line.png
  artifactKey: Guid(a1174c178a41bf94fa49c07aa1c04d04) Importer(815301076,1909f56bfc062723c751e8b465ee728b)
Start importing Assets/_Game/Sprites/dotted line.png using Guid(a1174c178a41bf94fa49c07aa1c04d04) Importer(815301076,1909f56bfc062723c751e8b465ee728b)  -> (artifact id: '67a6bbad4580ca47b3cdb8ae6ac0bfd2') in 0.024039 seconds 
  Import took 0.029280 seconds .

========================================================================
Received Import Request.
  Time since last request: 14.143251 seconds.
  path: Assets/_Game/Sprites/dotted line.png
  artifactKey: Guid(a1174c178a41bf94fa49c07aa1c04d04) Importer(815301076,1909f56bfc062723c751e8b465ee728b)
Start importing Assets/_Game/Sprites/dotted line.png using Guid(a1174c178a41bf94fa49c07aa1c04d04) Importer(815301076,1909f56bfc062723c751e8b465ee728b)  -> (artifact id: '1dd4039a078ff76a2eb8c9618948534b') in 0.030289 seconds 
  Import took 0.035241 seconds .

========================================================================
Received Import Request.
  Time since last request: 18.555567 seconds.
  path: Assets/_Game/Sprites/dotted line.png
  artifactKey: Guid(a1174c178a41bf94fa49c07aa1c04d04) Importer(815301076,1909f56bfc062723c751e8b465ee728b)
Start importing Assets/_Game/Sprites/dotted line.png using Guid(a1174c178a41bf94fa49c07aa1c04d04) Importer(815301076,1909f56bfc062723c751e8b465ee728b)  -> (artifact id: 'd354e5c6b6fca46928d43115a3f0d390') in 0.024185 seconds 
  Import took 0.029944 seconds .

========================================================================
Received Import Request.
  Time since last request: 105.064336 seconds.
  path: Packages/com.unity.2d.sprite/Editor/ObjectMenuCreation/DefaultAssets/Textures/Square.png
  artifactKey: Guid(48e93eef0688c4a259cb0eddcd8661f7) Importer(815301076,1909f56bfc062723c751e8b465ee728b)
Start importing Packages/com.unity.2d.sprite/Editor/ObjectMenuCreation/DefaultAssets/Textures/Square.png using Guid(48e93eef0688c4a259cb0eddcd8661f7) Importer(815301076,1909f56bfc062723c751e8b465ee728b)  -> (artifact id: '67f9d2c87602c9de665cd5edc8b46197') in 0.034298 seconds 
  Import took 0.043906 seconds .

========================================================================
Received Import Request.
  Time since last request: 0.005544 seconds.
  path: Packages/com.unity.2d.sprite/Editor/ObjectMenuCreation/DefaultAssets/Textures/Square.png
  artifactKey: Guid(48e93eef0688c4a259cb0eddcd8661f7) Importer(815301076,1909f56bfc062723c751e8b465ee728b)
Start importing Packages/com.unity.2d.sprite/Editor/ObjectMenuCreation/DefaultAssets/Textures/Square.png using Guid(48e93eef0688c4a259cb0eddcd8661f7) Importer(815301076,1909f56bfc062723c751e8b465ee728b)  -> (artifact id: '67f9d2c87602c9de665cd5edc8b46197') in 0.013699 seconds 
  Import took 0.018720 seconds .

========================================================================
Received Prepare
Registering precompiled user dll's ...
Registered in 0.110941 seconds.
Begin MonoManager ReloadAssembly
Native extension for WindowsStandalone target not found
Native extension for WebGL target not found
Refreshing native plugins compatible for Editor in 66.64 ms, found 3 plugins.
Preloading 0 native plugins for Editor in 0.00 ms.
Mono: successfully reloaded assembly
- Completed reload, in  3.841 seconds
Domain Reload Profiling:
	ReloadAssembly (3847ms)
		BeginReloadAssembly (2186ms)
			ExecutionOrderSort (0ms)
			DisableScriptedObjects (704ms)
			BackupInstance (0ms)
			ReleaseScriptingObjects (0ms)
			CreateAndSetChildDomain (1188ms)
		EndReloadAssembly (1479ms)
			LoadAssemblies (355ms)
			RebuildTransferFunctionScriptingTraits (0ms)
			SetupTypeCache (604ms)
			ReleaseScriptCaches (1ms)
			RebuildScriptCaches (40ms)
			SetupLoadedEditorAssemblies (310ms)
				LogAssemblyErrors (0ms)
				InitializePlatformSupportModulesInManaged (6ms)
				SetLoadedEditorAssemblies (0ms)
				RefreshPlugins (67ms)
				BeforeProcessingInitializeOnLoad (93ms)
				ProcessInitializeOnLoadAttributes (136ms)
				ProcessInitializeOnLoadMethodAttributes (5ms)
				AfterProcessingInitializeOnLoad (2ms)
				EditorAssembliesLoaded (0ms)
			ExecutionOrderSort2 (0ms)
			AwakeInstancesAfterBackupRestoration (9ms)
Platform modules already initialized, skipping
Refreshing native plugins compatible for Editor in 0.65 ms, found 3 plugins.
Preloading 0 native plugins for Editor in 0.00 ms.
Unloading 2376 Unused Serialized files (Serialized files now loaded: 0)
System memory in use before: 105.0 MB.
System memory in use after: 105.2 MB.

Unloading 13 unused Assets to reduce memory usage. Loaded Objects now: 2870.
Total: 154.500852 ms (FindLiveObjects: 0.282075 ms CreateObjectMapping: 0.115069 ms MarkObjects: 154.067632 ms  DeleteObjects: 0.033277 ms)

AssetImportParameters requested are different than current active one (requested -> active):
  custom:framework-win-MediaFoundation: 216162199b28c13a410421893ffa2e32 -> 
  custom:video-decoder-ogg-theora: a1e56fd34408186e4bbccfd4996cb3dc -> 
  custom:container-muxer-webm: aa71ff27fc2769a1b78a27578f13a17b -> 
  custom:container-demuxer-webm: 4f35f7cbe854078d1ac9338744f61a02 -> 
  custom:container-demuxer-ogg: 62fdf1f143b41e24485cea50d1cbac27 -> 
  custom:video-encoder-webm-vp8: eb34c28f22e8b96e1ab97ce403110664 -> 
  custom:video-decoder-webm-vp8: 9c59270c3fd7afecdb556c50c9e8de78 -> 
  custom:audio-decoder-ogg-vorbis: bf7c407c2cedff20999df2af8eb42d56 -> 
  custom:audio-encoder-webm-vorbis: bf7c407c2cedff20999df2af8eb42d56 -> 
